c:\users\조기연\desktop\blackjack\blackjack_client\debug\blackjack_client.pch
c:\users\조기연\desktop\blackjack\blackjack_client\debug\vc140.pdb
c:\users\조기연\desktop\blackjack\blackjack_client\debug\vc140.idb
c:\users\조기연\desktop\blackjack\blackjack_client\debug\stdafx.obj
c:\users\조기연\desktop\blackjack\blackjack_client\debug\blackjack_client.obj
c:\users\조기연\desktop\blackjack\blackjack_client\debug\blackjack_clientdlg.obj
c:\users\조기연\desktop\blackjack\blackjack_client\debug\blackjack_client_connection.obj
c:\users\조기연\desktop\blackjack\blackjack_client\debug\blackjack_client_login.obj
c:\users\조기연\desktop\blackjack\blackjack_client\debug\clientsocket.obj
c:\users\조기연\desktop\blackjack\blackjack_client\debug\blackjack_client.ilk
c:\users\조기연\desktop\blackjack\blackjack_client\debug\blackjack_client.exe
c:\users\조기연\desktop\blackjack\blackjack_client\debug\blackjack_client.pdb
c:\users\조기연\desktop\blackjack\blackjack_client\debug\blackjack_client.res
c:\users\조기연\desktop\blackjack\blackjack_client\debug\blackjack_client.tlog\cl.command.1.tlog
c:\users\조기연\desktop\blackjack\blackjack_client\debug\blackjack_client.tlog\cl.read.1.tlog
c:\users\조기연\desktop\blackjack\blackjack_client\debug\blackjack_client.tlog\cl.write.1.tlog
c:\users\조기연\desktop\blackjack\blackjack_client\debug\blackjack_client.tlog\link.command.1.tlog
c:\users\조기연\desktop\blackjack\blackjack_client\debug\blackjack_client.tlog\link.read.1.tlog
c:\users\조기연\desktop\blackjack\blackjack_client\debug\blackjack_client.tlog\link.write.1.tlog
c:\users\조기연\desktop\blackjack\blackjack_client\debug\blackjack_client.tlog\rc.command.1.tlog
c:\users\조기연\desktop\blackjack\blackjack_client\debug\blackjack_client.tlog\rc.read.1.tlog
c:\users\조기연\desktop\blackjack\blackjack_client\debug\blackjack_client.tlog\rc.write.1.tlog
