c:\users\조기연\desktop\blackjack\blackjack_server\debug\blackjack_server.pch
c:\users\조기연\desktop\blackjack\blackjack_server\debug\vc140.pdb
c:\users\조기연\desktop\blackjack\blackjack_server\debug\vc140.idb
c:\users\조기연\desktop\blackjack\blackjack_server\debug\stdafx.obj
c:\users\조기연\desktop\blackjack\blackjack_server\debug\blackjack_server.obj
c:\users\조기연\desktop\blackjack\blackjack_server\debug\blackjack_serverdlg.obj
c:\users\조기연\desktop\blackjack\blackjack_server\debug\childsocket.obj
c:\users\조기연\desktop\blackjack\blackjack_server\debug\listensocket.obj
c:\users\조기연\desktop\blackjack\blackjack_server\debug\blackjack_server.ilk
c:\users\조기연\desktop\blackjack\blackjack_server\debug\blackjack_server.exe
c:\users\조기연\desktop\blackjack\blackjack_server\debug\blackjack_server.pdb
c:\users\조기연\desktop\blackjack\blackjack_server\debug\blackjack_server.res
c:\users\조기연\desktop\blackjack\blackjack_server\debug\blackjack_server.tlog\cl.command.1.tlog
c:\users\조기연\desktop\blackjack\blackjack_server\debug\blackjack_server.tlog\cl.read.1.tlog
c:\users\조기연\desktop\blackjack\blackjack_server\debug\blackjack_server.tlog\cl.write.1.tlog
c:\users\조기연\desktop\blackjack\blackjack_server\debug\blackjack_server.tlog\link.command.1.tlog
c:\users\조기연\desktop\blackjack\blackjack_server\debug\blackjack_server.tlog\link.read.1.tlog
c:\users\조기연\desktop\blackjack\blackjack_server\debug\blackjack_server.tlog\link.write.1.tlog
c:\users\조기연\desktop\blackjack\blackjack_server\debug\blackjack_server.tlog\rc.command.1.tlog
c:\users\조기연\desktop\blackjack\blackjack_server\debug\blackjack_server.tlog\rc.read.1.tlog
c:\users\조기연\desktop\blackjack\blackjack_server\debug\blackjack_server.tlog\rc.write.1.tlog
